<?xml version="1.0" encoding="UTF-8"?>
<testng-results ignored="0" total="1" passed="1" failed="0" skipped="0">
  <reporter-output>
  </reporter-output>
  <suite started-at="2018-07-31T07:25:17Z" name="Default suite" finished-at="2018-07-31T07:25:50Z" duration-ms="32357">
    <groups>
    </groups>
    <test started-at="2018-07-31T07:25:17Z" name="Default test" finished-at="2018-07-31T07:25:50Z" duration-ms="32357">
      <class name="testcases.TC006_deletelead">
        <test-method is-config="true" signature="beforeSuite()[pri:0, instance:testcases.TC006_deletelead@65f095f8]" started-at="2018-07-31T07:25:16Z" name="beforeSuite" finished-at="2018-07-31T07:25:17Z" duration-ms="1193" status="PASS">
          <reporter-output>
          </reporter-output>
        </test-method> <!-- beforeSuite -->
        <test-method is-config="true" signature="setData()[pri:0, instance:testcases.TC006_deletelead@65f095f8]" started-at="2018-07-31T07:25:18Z" name="setData" finished-at="2018-07-31T07:25:18Z" duration-ms="1" status="PASS">
          <reporter-output>
          </reporter-output>
        </test-method> <!-- setData -->
        <test-method is-config="true" signature="beforeClass()[pri:0, instance:testcases.TC006_deletelead@65f095f8]" started-at="2018-07-31T07:25:18Z" name="beforeClass" finished-at="2018-07-31T07:25:18Z" duration-ms="0" status="PASS">
          <reporter-output>
          </reporter-output>
        </test-method> <!-- beforeClass -->
        <test-method is-config="true" signature="beforeMethod()[pri:0, instance:testcases.TC006_deletelead@65f095f8]" started-at="2018-07-31T07:25:18Z" name="beforeMethod" finished-at="2018-07-31T07:25:25Z" duration-ms="6369" status="PASS">
          <reporter-output>
          </reporter-output>
        </test-method> <!-- beforeMethod -->
        <test-method signature="login(java.lang.String, java.lang.String, java.lang.String, java.lang.String)[pri:0, instance:testcases.TC006_deletelead@65f095f8]" started-at="2018-07-31T07:25:25Z" name="login" data-provider="fetchData" finished-at="2018-07-31T07:25:49Z" duration-ms="24483" status="PASS">
          <params>
            <param index="0">
              <value>
                <![CDATA[DemoSalesManager]]>
              </value>
            </param>
            <param index="1">
              <value>
                <![CDATA[crmsfa]]>
              </value>
            </param>
            <param index="2">
              <value>
                <![CDATA[9952693351]]>
              </value>
            </param>
            <param index="3">
              <value>
                <![CDATA[No records to display]]>
              </value>
            </param>
          </params>
          <reporter-output>
          </reporter-output>
        </test-method> <!-- login -->
        <test-method is-config="true" signature="afterMethod()[pri:0, instance:testcases.TC006_deletelead@65f095f8]" started-at="2018-07-31T07:25:49Z" name="afterMethod" finished-at="2018-07-31T07:25:50Z" duration-ms="719" status="PASS">
          <reporter-output>
          </reporter-output>
        </test-method> <!-- afterMethod -->
        <test-method is-config="true" signature="afterSuite()[pri:0, instance:testcases.TC006_deletelead@65f095f8]" started-at="2018-07-31T07:25:50Z" name="afterSuite" finished-at="2018-07-31T07:25:50Z" duration-ms="571" status="PASS">
          <reporter-output>
          </reporter-output>
        </test-method> <!-- afterSuite -->
      </class> <!-- testcases.TC006_deletelead -->
    </test> <!-- Default test -->
  </suite> <!-- Default suite -->
</testng-results>
